Processing: defmacro
Processing: inductive
Processing: inductive
Processing: def
Def Check Error add: TypeMismatch { expected: Ind("Nat", []), got: Sort(Zero) }
Processing: def
Processing: def
Processing: def
Processing: def
Processing: inductive
Processing: inductive
Ctor idx not int
Ind Ty Exp Err: TransformationError
Processing: def
[31mError:[0m Unbound variable: MyBox
   [38;5;246m╭[0m[38;5;246m─[0m[38;5;246m[[0mtests/generic_ind_test.lrl:5:10[38;5;246m][0m
   [38;5;246m│[0m
 [38;5;246m5 │[0m [38;5;249m [0m[38;5;249m [0m[38;5;249m([0m[38;5;249ml[0m[38;5;249ma[0m[38;5;249mm[0m[38;5;249m [0m[38;5;249mb[0m[38;5;249m [0m[31mM[0m[31my[0m[31mB[0m[31mo[0m[31mx[0m
 [38;5;240m  │[0m          [31m─[0m[31m─[0m[31m┬[0m[31m─[0m[31m─[0m  
 [38;5;240m  │[0m            [31m╰[0m[31m─[0m[31m─[0m[31m─[0m[31m─[0m Unbound variable: MyBox
[38;5;246m───╯[0m
Processing: def
[31mError:[0m Unbound variable: getBox
    [38;5;246m╭[0m[38;5;246m─[0m[38;5;246m[[0mtests/generic_ind_test.lrl:12:16[38;5;246m][0m
    [38;5;246m│[0m
 [38;5;246m12 │[0m [38;5;249m([0m[38;5;249md[0m[38;5;249me[0m[38;5;249mf[0m[38;5;249m [0m[38;5;249mr[0m[38;5;249me[0m[38;5;249ms[0m[38;5;249m1[0m[38;5;249m [0m[38;5;249mN[0m[38;5;249ma[0m[38;5;249mt[0m[38;5;249m [0m[38;5;249m([0m[31mg[0m[31me[0m[31mt[0m[31mB[0m[31mo[0m[31mx[0m[38;5;249m [0m[38;5;249m([0m[38;5;249mm[0m[38;5;249mk[0m[38;5;249mB[0m[38;5;249mo[0m[38;5;249mx[0m[38;5;249m [0m[38;5;249m([0m[38;5;249ms[0m[38;5;249mu[0m[38;5;249mc[0m[38;5;249mc[0m[38;5;249m [0m[38;5;249mz[0m[38;5;249me[0m[38;5;249mr[0m[38;5;249mo[0m[38;5;249m)[0m[38;5;249m)[0m[38;5;249m)[0m[38;5;249m)[0m
 [38;5;240m   │[0m                [31m─[0m[31m─[0m[31m─[0m[31m┬[0m[31m─[0m[31m─[0m  
 [38;5;240m   │[0m                   [31m╰[0m[31m─[0m[31m─[0m[31m─[0m[31m─[0m Unbound variable: getBox
[38;5;246m────╯[0m
Processing: inductive
Ctor len err: 2
Ind Ty Exp Err: TransformationError
Processing: def
[31mError:[0m Unbound variable: MyNat
    [38;5;246m╭[0m[38;5;246m─[0m[38;5;246m[[0mtests/generic_ind_test.lrl:19:10[38;5;246m][0m
    [38;5;246m│[0m
 [38;5;246m19 │[0m [38;5;249m [0m[38;5;249m [0m[38;5;249m([0m[38;5;249ml[0m[38;5;249ma[0m[38;5;249mm[0m[38;5;249m [0m[38;5;249mm[0m[38;5;249m [0m[31mM[0m[31my[0m[31mN[0m[31ma[0m[31mt[0m
 [38;5;240m   │[0m          [31m─[0m[31m─[0m[31m┬[0m[31m─[0m[31m─[0m  
 [38;5;240m   │[0m            [31m╰[0m[31m─[0m[31m─[0m[31m─[0m[31m─[0m Unbound variable: MyNat
[38;5;246m────╯[0m
Processing: def
[31mError:[0m Unbound variable: toNat
    [38;5;246m╭[0m[38;5;246m─[0m[38;5;246m[[0mtests/generic_ind_test.lrl:27:16[38;5;246m][0m
    [38;5;246m│[0m
 [38;5;246m27 │[0m [38;5;249m([0m[38;5;249md[0m[38;5;249me[0m[38;5;249mf[0m[38;5;249m [0m[38;5;249mr[0m[38;5;249me[0m[38;5;249ms[0m[38;5;249m2[0m[38;5;249m [0m[38;5;249mN[0m[38;5;249ma[0m[38;5;249mt[0m[38;5;249m [0m[38;5;249m([0m[31mt[0m[31mo[0m[31mN[0m[31ma[0m[31mt[0m[38;5;249m [0m[38;5;249m([0m[38;5;249mm[0m[38;5;249my[0m[38;5;249ms[0m[38;5;249mu[0m[38;5;249mc[0m[38;5;249mc[0m[38;5;249m [0m[38;5;249m([0m[38;5;249mm[0m[38;5;249my[0m[38;5;249ms[0m[38;5;249mu[0m[38;5;249mc[0m[38;5;249mc[0m[38;5;249m [0m[38;5;249mm[0m[38;5;249my[0m[38;5;249mz[0m[38;5;249me[0m[38;5;249mr[0m[38;5;249mo[0m[38;5;249m)[0m[38;5;249m)[0m[38;5;249m)[0m[38;5;249m)[0m
 [38;5;240m   │[0m                [31m─[0m[31m─[0m[31m┬[0m[31m─[0m[31m─[0m  
 [38;5;240m   │[0m                  [31m╰[0m[31m─[0m[31m─[0m[31m─[0m[31m─[0m Unbound variable: toNat
[38;5;246m────╯[0m
[31mError:[0m Unbound variable: res1
    [38;5;246m╭[0m[38;5;246m─[0m[38;5;246m[[0mtests/generic_ind_test.lrl:28:1[38;5;246m][0m
    [38;5;246m│[0m
 [38;5;246m28 │[0m [31mr[0m[31me[0m[31ms[0m[31m1[0m
 [38;5;240m   │[0m [31m─[0m[31m─[0m[31m┬[0m[31m─[0m  
 [38;5;240m   │[0m   [31m╰[0m[31m─[0m[31m─[0m[31m─[0m Unbound variable: res1
[38;5;246m────╯[0m
[31mError:[0m Unbound variable: res2
    [38;5;246m╭[0m[38;5;246m─[0m[38;5;246m[[0mtests/generic_ind_test.lrl:29:1[38;5;246m][0m
    [38;5;246m│[0m
 [38;5;246m29 │[0m [31mr[0m[31me[0m[31ms[0m[31m2[0m
 [38;5;240m   │[0m [31m─[0m[31m─[0m[31m┬[0m[31m─[0m  
 [38;5;240m   │[0m   [31m╰[0m[31m─[0m[31m─[0m[31m─[0m Unbound variable: res2
[38;5;246m────╯[0m
Compiling output.rs to generic_test...
warning: unnecessary braces around block return value
   --> output.rs:166:1
    |
166 | { Value::Func(Rc::new(move |x_0: Value| { (match (match (match (match Value::Func(Rc::new(rec_bool_entry)) { Value::Func(f) => f({ let x_0 = x_0.clone(); Value::Func(Rc::new(move |x_1: Value| { Value::Unit })) }), _ => panic!("Expected Func") }) { Value::Func(f) => f(r#false()), _ => panic!("Expected Func") }) { Value::Func(f) => f(r#true()), _ => panic!("Expected Func") }) { Value::Func(f) => f(x_0.clone()), _ => panic!("Expected Func") }) })) }
    | ^^                                                                                                                                                                                                                                                                                                                                                                                                                                                              ^^
    |
    = note: `#[warn(unused_braces)]` on by default
help: remove these braces
    |
166 - { Value::Func(Rc::new(move |x_0: Value| { (match (match (match (match Value::Func(Rc::new(rec_bool_entry)) { Value::Func(f) => f({ let x_0 = x_0.clone(); Value::Func(Rc::new(move |x_1: Value| { Value::Unit })) }), _ => panic!("Expected Func") }) { Value::Func(f) => f(r#false()), _ => panic!("Expected Func") }) { Value::Func(f) => f(r#true()), _ => panic!("Expected Func") }) { Value::Func(f) => f(x_0.clone()), _ => panic!("Expected Func") }) })) }
166 + Value::Func(Rc::new(move |x_0: Value| { (match (match (match (match Value::Func(Rc::new(rec_bool_entry)) { Value::Func(f) => f({ let x_0 = x_0.clone(); Value::Func(Rc::new(move |x_1: Value| { Value::Unit })) }), _ => panic!("Expected Func") }) { Value::Func(f) => f(r#false()), _ => panic!("Expected Func") }) { Value::Func(f) => f(r#true()), _ => panic!("Expected Func") }) { Value::Func(f) => f(x_0.clone()), _ => panic!("Expected Func") }) }))
    |

warning: unnecessary braces around block return value
   --> output.rs:169:1
    |
169 | { Value::Func(Rc::new(move |x_2: Value| { { let x_2 = x_2.clone(); Value::Func(Rc::new(move |x_3: Value| { { let x_2 = x_2.clone(); let x_3 = x_3.clone(); Value::Func(Rc::new(move |x_4: Value| { (match (match (match (match Value::Func(Rc::new(rec_bool_entry)) { Value::Func(f) => f({ let x_2 = x_2.clone(); let x_3 = x_3.clone(); let x_4 = x_4.clone(); Value::Func(Rc::new(move |x_5: Value| { Value::Unit })) }), _ => panic!("Expected Func") }) { Value::Func(f) => f(x_3.clone()), _ => panic!("Expected Func") }) { Value::Func(f) => f(x_4.clone()), _ => panic!("Expected Func") }) { Value::Func(f) => f(x_2.clone()), _ => panic!("Expected Func") }) })) } })) } })) }
    | ^^                                                                                                                                                                                                                                                                                                                                                                                                                                                                                                                                                                                                                                                                                      ^^
    |
help: remove these braces
    |
169 - { Value::Func(Rc::new(move |x_2: Value| { { let x_2 = x_2.clone(); Value::Func(Rc::new(move |x_3: Value| { { let x_2 = x_2.clone(); let x_3 = x_3.clone(); Value::Func(Rc::new(move |x_4: Value| { (match (match (match (match Value::Func(Rc::new(rec_bool_entry)) { Value::Func(f) => f({ let x_2 = x_2.clone(); let x_3 = x_3.clone(); let x_4 = x_4.clone(); Value::Func(Rc::new(move |x_5: Value| { Value::Unit })) }), _ => panic!("Expected Func") }) { Value::Func(f) => f(x_3.clone()), _ => panic!("Expected Func") }) { Value::Func(f) => f(x_4.clone()), _ => panic!("Expected Func") }) { Value::Func(f) => f(x_2.clone()), _ => panic!("Expected Func") }) })) } })) } })) }
169 + Value::Func(Rc::new(move |x_2: Value| { { let x_2 = x_2.clone(); Value::Func(Rc::new(move |x_3: Value| { { let x_2 = x_2.clone(); let x_3 = x_3.clone(); Value::Func(Rc::new(move |x_4: Value| { (match (match (match (match Value::Func(Rc::new(rec_bool_entry)) { Value::Func(f) => f({ let x_2 = x_2.clone(); let x_3 = x_3.clone(); let x_4 = x_4.clone(); Value::Func(Rc::new(move |x_5: Value| { Value::Unit })) }), _ => panic!("Expected Func") }) { Value::Func(f) => f(x_3.clone()), _ => panic!("Expected Func") }) { Value::Func(f) => f(x_4.clone()), _ => panic!("Expected Func") }) { Value::Func(f) => f(x_2.clone()), _ => panic!("Expected Func") }) })) } })) } }))
    |

warning: unnecessary braces around block return value
   --> output.rs:172:1
    |
172 | { Value::Func(Rc::new(move |x_6: Value| { { let x_6 = x_6.clone(); Value::Func(Rc::new(move |x_7: Value| { (match (match (match (match Value::Func(Rc::new(rec_bool_entry)) { Value::Func(f) => f({ let x_6 = x_6.clone(); let x_7 = x_7.clone(); Value::Func(Rc::new(move |x_8: Value| { Value::Unit })) }), _ => panic!("Expected Func") }) { Value::Func(f) => f(x_7.clone()), _ => panic!("Expected Func") }) { Value::Func(f) => f(r#false()), _ => panic!("Expected Func") }) { Value::Func(f) => f(x_6.clone()), _ => panic!("Expected Func") }) })) } })) }
    | ^^                                                                                                                                                                                                                                                                                                                                                                                                                                                                                                                                                               ^^
    |
help: remove these braces
    |
172 - { Value::Func(Rc::new(move |x_6: Value| { { let x_6 = x_6.clone(); Value::Func(Rc::new(move |x_7: Value| { (match (match (match (match Value::Func(Rc::new(rec_bool_entry)) { Value::Func(f) => f({ let x_6 = x_6.clone(); let x_7 = x_7.clone(); Value::Func(Rc::new(move |x_8: Value| { Value::Unit })) }), _ => panic!("Expected Func") }) { Value::Func(f) => f(x_7.clone()), _ => panic!("Expected Func") }) { Value::Func(f) => f(r#false()), _ => panic!("Expected Func") }) { Value::Func(f) => f(x_6.clone()), _ => panic!("Expected Func") }) })) } })) }
172 + Value::Func(Rc::new(move |x_6: Value| { { let x_6 = x_6.clone(); Value::Func(Rc::new(move |x_7: Value| { (match (match (match (match Value::Func(Rc::new(rec_bool_entry)) { Value::Func(f) => f({ let x_6 = x_6.clone(); let x_7 = x_7.clone(); Value::Func(Rc::new(move |x_8: Value| { Value::Unit })) }), _ => panic!("Expected Func") }) { Value::Func(f) => f(x_7.clone()), _ => panic!("Expected Func") }) { Value::Func(f) => f(r#false()), _ => panic!("Expected Func") }) { Value::Func(f) => f(x_6.clone()), _ => panic!("Expected Func") }) })) } }))
    |

warning: unnecessary braces around block return value
   --> output.rs:175:1
    |
175 | { Value::Func(Rc::new(move |x_9: Value| { { let x_9 = x_9.clone(); Value::Func(Rc::new(move |x_10: Value| { (match (match (match (match Value::Func(Rc::new(rec_bool_entry)) { Value::Func(f) => f({ let x_9 = x_9.clone(); let x_10 = x_10.clone(); Value::Func(Rc::new(move |x_11: Value| { Value::Unit })) }), _ => panic!("Expected Func") }) { Value::Func(f) => f(r#true()), _ => panic!("Expected Func") }) { Value::Func(f) => f(x_10.clone()), _ => panic!("Expected Func") }) { Value::Func(f) => f(x_9.clone()), _ => panic!("Expected Func") }) })) } })) }
    | ^^                                                                                                                                                                                                                                                                                                                                                                                                                                                                                                                                                                   ^^
    |
help: remove these braces
    |
175 - { Value::Func(Rc::new(move |x_9: Value| { { let x_9 = x_9.clone(); Value::Func(Rc::new(move |x_10: Value| { (match (match (match (match Value::Func(Rc::new(rec_bool_entry)) { Value::Func(f) => f({ let x_9 = x_9.clone(); let x_10 = x_10.clone(); Value::Func(Rc::new(move |x_11: Value| { Value::Unit })) }), _ => panic!("Expected Func") }) { Value::Func(f) => f(r#true()), _ => panic!("Expected Func") }) { Value::Func(f) => f(x_10.clone()), _ => panic!("Expected Func") }) { Value::Func(f) => f(x_9.clone()), _ => panic!("Expected Func") }) })) } })) }
175 + Value::Func(Rc::new(move |x_9: Value| { { let x_9 = x_9.clone(); Value::Func(Rc::new(move |x_10: Value| { (match (match (match (match Value::Func(Rc::new(rec_bool_entry)) { Value::Func(f) => f({ let x_9 = x_9.clone(); let x_10 = x_10.clone(); Value::Func(Rc::new(move |x_11: Value| { Value::Unit })) }), _ => panic!("Expected Func") }) { Value::Func(f) => f(r#true()), _ => panic!("Expected Func") }) { Value::Func(f) => f(x_10.clone()), _ => panic!("Expected Func") }) { Value::Func(f) => f(x_9.clone()), _ => panic!("Expected Func") }) })) } }))
    |

warning: variable `T_val` should have a snake case name
   --> output.rs:101:19
    |
101 | fn rec_list_entry(T_val: Value) -> Value {
    |                   ^^^^^ help: convert the identifier to snake case: `t_val`
    |
    = note: `#[warn(non_snake_case)]` on by default

warning: variable `_M` should have a snake case name
   --> output.rs:102:31
    |
102 |     Value::Func(Rc::new(move |_M| {
    |                               ^^ help: convert the identifier to snake case: `_m`

warning: variable `T_val` should have a snake case name
   --> output.rs:103:13
    |
103 |         let T_val = T_val.clone();
    |             ^^^^^ help: convert the identifier to snake case: `t_val`

warning: variable `T_val` should have a snake case name
   --> output.rs:105:17
    |
105 |             let T_val = T_val.clone();
    |                 ^^^^^ help: convert the identifier to snake case: `t_val`

warning: variable `T_val` should have a snake case name
   --> output.rs:108:22
    |
108 |                  let T_val = T_val.clone();
    |                      ^^^^^ help: convert the identifier to snake case: `t_val`

warning: variable `T_val` should have a snake case name
   --> output.rs:119:18
    |
119 | fn rec_list_impl(T_val: Value, nil_case: Value, cons_case: Value...
    |                  ^^^^^ help: convert the identifier to snake case: `t_val`

warning: 10 warnings emitted

Compilation successful. Binary 'generic_test' created.
